<?xml version="1.0" encoding="UTF-8"?>
<testng-results ignored="0" total="1" passed="1" failed="0" skipped="0">
  <reporter-output>
  </reporter-output>
  <suite started-at="2023-08-17T17:12:52 IST" name="Banking Demo" finished-at="2023-08-17T17:13:45 IST" duration-ms="53059">
    <groups>
    </groups>
    <test started-at="2023-08-17T17:12:52 IST" name="BankingDemo App Test" finished-at="2023-08-17T17:13:45 IST" duration-ms="53059">
      <class name="com.bankingproject.testCases.TC_AddNewCust_003">
        <test-method is-config="true" signature="setup(java.lang.String)[pri:0, instance:com.bankingproject.testCases.TC_AddNewCust_003@1165b38]" started-at="2023-08-17T17:12:53 IST" name="setup" finished-at="2023-08-17T17:13:18 IST" duration-ms="25344" status="PASS">
          <params>
            <param index="0">
              <value>
                <![CDATA[chrome]]>
              </value>
            </param>
          </params>
          <reporter-output>
          </reporter-output>
        </test-method> <!-- setup -->
        <test-method signature="loginTest()[pri:0, instance:com.bankingproject.testCases.TC_AddNewCust_003@1165b38]" started-at="2023-08-17T17:13:19 IST" name="loginTest" finished-at="2023-08-17T17:13:45 IST" duration-ms="26431" status="PASS">
          <reporter-output>
          </reporter-output>
        </test-method> <!-- loginTest -->
      </class> <!-- com.bankingproject.testCases.TC_AddNewCust_003 -->
    </test> <!-- BankingDemo App Test -->
  </suite> <!-- Banking Demo -->
</testng-results>
