<?xml version="1.0" encoding="UTF-8"?>
<testng-results ignored="0" total="1" passed="1" failed="0" skipped="0">
  <reporter-output>
  </reporter-output>
  <suite started-at="2023-08-28T17:16:05 IST" name="Default suite" finished-at="2023-08-28T17:16:10 IST" duration-ms="5188">
    <groups>
    </groups>
    <test started-at="2023-08-28T17:16:05 IST" name="Default test" finished-at="2023-08-28T17:16:10 IST" duration-ms="5188">
      <class name="restAssuredProject.JSONSchemaValidation">
        <test-method signature="jsonSchemaValidate()[pri:0, instance:restAssuredProject.JSONSchemaValidation@6ae5aa72]" started-at="2023-08-28T17:16:05 IST" name="jsonSchemaValidate" finished-at="2023-08-28T17:16:10 IST" duration-ms="5115" status="PASS">
          <reporter-output>
          </reporter-output>
        </test-method> <!-- jsonSchemaValidate -->
      </class> <!-- restAssuredProject.JSONSchemaValidation -->
    </test> <!-- Default test -->
  </suite> <!-- Default suite -->
</testng-results>
