<?xml version="1.0" encoding="UTF-8"?>
<testng-results ignored="0" total="4" passed="4" failed="0" skipped="0">
  <reporter-output>
  </reporter-output>
  <suite started-at="2023-08-28T21:28:44 IST" name="Suite" finished-at="2023-08-28T21:29:17 IST" duration-ms="32434">
    <groups>
    </groups>
    <test started-at="2023-08-28T21:28:44 IST" name="Test" finished-at="2023-08-28T21:29:17 IST" duration-ms="32434">
      <class name="apiChaining.UpdateUser">
        <test-method signature="test_updateUset(org.testng.ITestContext)[pri:0, instance:apiChaining.UpdateUser@564fabc8]" started-at="2023-08-28T21:29:16 IST" name="test_updateUset" finished-at="2023-08-28T21:29:16 IST" duration-ms="502" status="PASS">
          <params>
            <param index="0">
              <value>
                <![CDATA[org.testng.TestRunner@5f8edcc5]]>
              </value>
            </param>
          </params>
          <reporter-output>
          </reporter-output>
        </test-method> <!-- test_updateUset -->
      </class> <!-- apiChaining.UpdateUser -->
      <class name="apiChaining.DeleteUser">
        <test-method signature="deleteUser(org.testng.ITestContext)[pri:0, instance:apiChaining.DeleteUser@16d04d3d]" started-at="2023-08-28T21:29:16 IST" name="deleteUser" finished-at="2023-08-28T21:29:17 IST" duration-ms="335" status="PASS">
          <params>
            <param index="0">
              <value>
                <![CDATA[org.testng.TestRunner@5f8edcc5]]>
              </value>
            </param>
          </params>
          <reporter-output>
          </reporter-output>
        </test-method> <!-- deleteUser -->
      </class> <!-- apiChaining.DeleteUser -->
      <class name="apiChaining.CreateUser">
        <test-method signature="test_createUser(org.testng.ITestContext)[pri:0, instance:apiChaining.CreateUser@595b007d]" started-at="2023-08-28T21:28:45 IST" name="test_createUser" finished-at="2023-08-28T21:29:15 IST" duration-ms="30149" status="PASS">
          <params>
            <param index="0">
              <value>
                <![CDATA[org.testng.TestRunner@5f8edcc5]]>
              </value>
            </param>
          </params>
          <reporter-output>
          </reporter-output>
        </test-method> <!-- test_createUser -->
      </class> <!-- apiChaining.CreateUser -->
      <class name="apiChaining.GetUser">
        <test-method signature="testGetUser(org.testng.ITestContext)[pri:0, instance:apiChaining.GetUser@36bc55de]" started-at="2023-08-28T21:29:15 IST" name="testGetUser" finished-at="2023-08-28T21:29:16 IST" duration-ms="1067" status="PASS">
          <params>
            <param index="0">
              <value>
                <![CDATA[org.testng.TestRunner@5f8edcc5]]>
              </value>
            </param>
          </params>
          <reporter-output>
          </reporter-output>
        </test-method> <!-- testGetUser -->
      </class> <!-- apiChaining.GetUser -->
    </test> <!-- Test -->
  </suite> <!-- Suite -->
</testng-results>
