<?xml version="1.0" encoding="UTF-8"?>
<testng-results ignored="0" total="1" passed="1" failed="0" skipped="0">
  <reporter-output>
  </reporter-output>
  <suite started-at="2023-08-03T20:41:32 IST" name="Default suite" finished-at="2023-08-03T20:41:50 IST" duration-ms="18054">
    <groups>
    </groups>
    <test started-at="2023-08-03T20:41:32 IST" name="Default test" finished-at="2023-08-03T20:41:50 IST" duration-ms="18054">
      <class name="selenium_fw.LoginTest1">
        <test-method is-config="true" signature="setup()[pri:0, instance:selenium_fw.LoginTest1@dd05255]" started-at="2023-08-03T20:41:32 IST" name="setup" finished-at="2023-08-03T20:41:41 IST" duration-ms="9128" status="PASS">
          <reporter-output>
          </reporter-output>
        </test-method> <!-- setup -->
        <test-method signature="LoginTestMethod()[pri:0, instance:selenium_fw.LoginTest1@dd05255]" started-at="2023-08-03T20:41:41 IST" name="LoginTestMethod" finished-at="2023-08-03T20:41:49 IST" duration-ms="8239" status="PASS">
          <reporter-output>
          </reporter-output>
        </test-method> <!-- LoginTestMethod -->
        <test-method is-config="true" signature="teardown()[pri:0, instance:selenium_fw.LoginTest1@dd05255]" started-at="2023-08-03T20:41:49 IST" name="teardown" finished-at="2023-08-03T20:41:50 IST" duration-ms="609" status="PASS">
          <reporter-output>
          </reporter-output>
        </test-method> <!-- teardown -->
      </class> <!-- selenium_fw.LoginTest1 -->
    </test> <!-- Default test -->
  </suite> <!-- Default suite -->
</testng-results>
