<?xml version="1.0" encoding="UTF-8"?>
<!-- Generated by org.testng.reporters.JUnitXMLReporter -->
<testsuite ignored="0" hostname="DESKTOP-P33KVPF" failures="0" tests="5" name="Default test" time="74.431" errors="0" timestamp="2023-08-20T21:30:06 IST">
  <testcase classname="testng.AllExampleUsingTestNG" name="CreateGmailAccount" time="20.842"/>
  <testcase classname="testng.AllExampleUsingTestNG" name="LoginFacebook" time="10.432"/>
  <testcase classname="testng.AllExampleUsingTestNG" name="assertMethod" time="12.465"/>
  <testcase classname="testng.AllExampleUsingTestNG" name="dragNdrop" time="10.624"/>
  <testcase classname="testng.AllExampleUsingTestNG" name="loginHRM" time="19.638"/>
</testsuite> <!-- Default test -->
