<?xml version="1.0" encoding="UTF-8"?>
<!-- Generated by org.testng.reporters.JUnitXMLReporter -->
<testsuite ignored="0" hostname="DESKTOP-P33KVPF" failures="0" tests="4" name="Test" time="32.434" errors="0" timestamp="2023-08-28T21:29:17 IST">
  <testcase classname="apiChaining.CreateUser" name="test_createUser" time="30.149"/>
  <testcase classname="apiChaining.GetUser" name="testGetUser" time="1.067"/>
  <testcase classname="apiChaining.UpdateUser" name="test_updateUset" time="0.502"/>
  <testcase classname="apiChaining.DeleteUser" name="deleteUser" time="0.335"/>
</testsuite> <!-- Test -->
