<?xml version="1.0" encoding="UTF-8"?>
<testng-results ignored="0" total="0" passed="0" failed="0" skipped="0">
  <reporter-output>
  </reporter-output>
  <suite started-at="2023-09-08T14:48:14 IST" name="Suite" finished-at="2023-09-08T14:48:15 IST" duration-ms="395">
    <groups>
      <group name="cucumber">
        <method signature="AbstractTestNGCucumberTests.runScenario(io.cucumber.testng.PickleWrapper,io.cucumber.testng.FeatureWrapper)[pri:0, instance:runner.HrmTestRunner@198b6731]" name="runScenario" class="io.cucumber.testng.AbstractTestNGCucumberTests"/>
      </group> <!-- cucumber -->
    </groups>
    <test started-at="2023-09-08T14:48:14 IST" name="Test" finished-at="2023-09-08T14:48:15 IST" duration-ms="395">
      <class name="runner.HrmTestRunner">
        <test-method is-config="true" signature="setUpClass(org.testng.ITestContext)[pri:0, instance:runner.HrmTestRunner@198b6731]" started-at="2023-09-08T14:48:14 IST" name="setUpClass" finished-at="2023-09-08T14:48:15 IST" duration-ms="328" status="PASS">
          <params>
            <param index="0">
              <value>
                <![CDATA[org.testng.TestRunner@13bc8645]]>
              </value>
            </param>
          </params>
          <reporter-output>
          </reporter-output>
        </test-method> <!-- setUpClass -->
        <test-method is-config="true" signature="tearDownClass()[pri:0, instance:runner.HrmTestRunner@198b6731]" started-at="2023-09-08T14:48:15 IST" name="tearDownClass" finished-at="2023-09-08T14:48:15 IST" duration-ms="7" status="PASS">
          <reporter-output>
          </reporter-output>
        </test-method> <!-- tearDownClass -->
      </class> <!-- runner.HrmTestRunner -->
    </test> <!-- Test -->
  </suite> <!-- Suite -->
</testng-results>
