<?xml version="1.0" encoding="UTF-8"?>
<testng-results ignored="0" total="1" passed="1" failed="0" skipped="0">
  <reporter-output>
  </reporter-output>
  <suite started-at="2023-09-06T13:55:34 IST" name="Default suite" finished-at="2023-09-06T13:56:00 IST" duration-ms="26025">
    <groups>
    </groups>
    <test started-at="2023-09-06T13:55:34 IST" name="Default test" finished-at="2023-09-06T13:56:00 IST" duration-ms="26025">
      <class name="testng.AssertExampleHRM">
        <test-method signature="assertExampleMethod()[pri:0, instance:testng.AssertExampleHRM@1aafa419]" started-at="2023-09-06T13:55:34 IST" name="assertExampleMethod" finished-at="2023-09-06T13:56:00 IST" duration-ms="25916" status="PASS">
          <reporter-output>
          </reporter-output>
        </test-method> <!-- assertExampleMethod -->
      </class> <!-- testng.AssertExampleHRM -->
    </test> <!-- Default test -->
  </suite> <!-- Default suite -->
</testng-results>
