<?xml version="1.0" encoding="UTF-8"?>
<testng-results ignored="0" total="5" passed="5" failed="0" skipped="0">
  <reporter-output>
  </reporter-output>
  <suite started-at="2023-08-20T21:28:50 IST" name="Default suite" finished-at="2023-08-20T21:30:05 IST" duration-ms="74431">
    <groups>
    </groups>
    <test started-at="2023-08-20T21:28:50 IST" name="Default test" finished-at="2023-08-20T21:30:05 IST" duration-ms="74431">
      <class name="testng.AllExampleUsingTestNG">
        <test-method is-config="true" signature="setup()[pri:0, instance:testng.AllExampleUsingTestNG@35c09b94]" started-at="2023-08-20T21:28:50 IST" name="setup" finished-at="2023-08-20T21:28:50 IST" duration-ms="50" status="PASS">
          <reporter-output>
          </reporter-output>
        </test-method> <!-- setup -->
        <test-method signature="CreateGmailAccount()[pri:0, instance:testng.AllExampleUsingTestNG@35c09b94]" started-at="2023-08-20T21:28:50 IST" name="CreateGmailAccount" finished-at="2023-08-20T21:29:11 IST" duration-ms="20842" status="PASS">
          <reporter-output>
          </reporter-output>
        </test-method> <!-- CreateGmailAccount -->
        <test-method signature="LoginFacebook()[pri:0, instance:testng.AllExampleUsingTestNG@35c09b94]" started-at="2023-08-20T21:29:11 IST" name="LoginFacebook" finished-at="2023-08-20T21:29:22 IST" duration-ms="10432" status="PASS">
          <reporter-output>
          </reporter-output>
        </test-method> <!-- LoginFacebook -->
        <test-method signature="assertMethod()[pri:0, instance:testng.AllExampleUsingTestNG@35c09b94]" started-at="2023-08-20T21:29:22 IST" name="assertMethod" finished-at="2023-08-20T21:29:34 IST" duration-ms="12465" status="PASS">
          <reporter-output>
          </reporter-output>
        </test-method> <!-- assertMethod -->
        <test-method signature="dragNdrop()[pri:0, instance:testng.AllExampleUsingTestNG@35c09b94]" started-at="2023-08-20T21:29:34 IST" name="dragNdrop" finished-at="2023-08-20T21:29:45 IST" duration-ms="10624" status="PASS">
          <reporter-output>
          </reporter-output>
        </test-method> <!-- dragNdrop -->
        <test-method signature="loginHRM()[pri:0, instance:testng.AllExampleUsingTestNG@35c09b94]" started-at="2023-08-20T21:29:45 IST" name="loginHRM" finished-at="2023-08-20T21:30:05 IST" duration-ms="19638" status="PASS">
          <reporter-output>
          </reporter-output>
        </test-method> <!-- loginHRM -->
      </class> <!-- testng.AllExampleUsingTestNG -->
    </test> <!-- Default test -->
  </suite> <!-- Default suite -->
</testng-results>
